2022-12-15 17:00:17,808 actionMethod.py--> click_cancel 30: WARNING ----->
2022-12-15 17:00:20,343 actionMethod.py--> click_cancel 30: WARNING ----->操作失败
2022-12-15 17:02:49,958 actionMethod.py--> click_cancel 30: WARNING ----->
2022-12-15 17:02:52,491 actionMethod.py--> click_cancel 30: WARNING ----->操作失败
2022-12-15 17:03:39,079 collection_handle.py--> add_collection 20: INFO ----->找到文本:脚本测试新建采集源,采集源添加成功
2022-12-15 17:03:46,471 actionMethod.py--> click_cancel 20: INFO ----->表参数配置成功！
2022-12-15 17:03:47,771 actionMethod.py--> delete_data 20: INFO ----->执行删除操作，尝试重新添加
2022-12-15 17:04:00,502 collection_handle.py--> add_meter 20: INFO ----->找到文本:R9-999,表计添加成功
2022-12-15 17:05:27,378 actionMethod.py--> delete_data 20: INFO ----->执行删除操作，尝试重新添加
2022-12-15 17:05:39,361 actionMethod.py--> delete_data 20: INFO ----->执行删除操作，尝试重新添加
2022-12-15 17:05:46,506 collection_handle.py--> add_collection 20: INFO ----->找到文本:脚本测试新建采集源,采集源添加成功
2022-12-15 17:05:53,735 actionMethod.py--> click_cancel 20: INFO ----->表参数配置成功！
2022-12-15 17:05:54,976 actionMethod.py--> delete_data 20: INFO ----->执行删除操作，尝试重新添加
2022-12-15 17:06:07,726 collection_handle.py--> add_meter 20: INFO ----->找到文本:R9-999,表计添加成功
2022-12-15 17:06:12,665 energy_type_case.py--> setUpClass 20: INFO ----->------执行添加用能类型case------
2022-12-15 17:06:20,870 energy_type_handle.py--> add_energy 20: INFO ----->找到文本:其他风,能源类型添加成功
2022-12-15 17:06:25,868 production_case.py--> setUpClass 20: INFO ----->------执行添加生产层级case------
2022-12-15 17:06:35,764 production_handle.py--> add_level 20: INFO ----->找到文本:脚本测试新建工序,生产层级添加成功
2022-12-15 17:06:40,481 production_handle.py--> add_Unit 20: INFO ----->找到文本:脚本测试新建工序单元,生产工序单元添加成功
2022-12-15 17:06:45,265 yield_product_case.py--> setUpClass 20: INFO ----->------执行添加生产产品case------
2022-12-15 17:06:55,972 yield_product_handle.py--> add_yield 20: INFO ----->找到文本:脚本测试新建产品,生产产品添加成功
2022-12-15 17:07:01,584 energy_report_case.py--> setUpClass 20: INFO ----->------执行添加能效报告case------
2022-12-15 17:07:10,489 energy_report_handle.py--> add_report 20: INFO ----->找到文本:脚本测试新建报告,能效报告添加成功
2022-12-15 17:07:23,284 measuring_instruments_case.py--> setUpClass 20: INFO ----->------执行添加计量器具case------
2022-12-15 17:08:16,002 collect_data_case.py--> setUpClass 20: INFO ----->------执行添加采集数据项case------
2022-12-15 17:09:00,969 actionMethod.py--> click_cancel 20: INFO ----->操作成功！
2022-12-15 17:09:01,489 collect_data_handle.py--> add_collect_data 20: INFO ----->找到文本:脚本测试新建采集数据项,采集项添加成功
2022-12-15 17:09:04,805 delete_case.py--> setUpClass 20: INFO ----->------删除所有脚本新增数据------
2022-12-15 17:09:48,415 delect_handle.py--> delete_collect_data 20: INFO ----->找到文本:脚本测试新建采集数据项,采集项添加成功
2022-12-15 17:10:09,960 actionMethod.py--> delete_data 20: INFO ----->执行删除操作，尝试重新添加
2022-12-15 17:10:33,398 actionMethod.py--> delete_data 20: INFO ----->执行删除操作，尝试重新添加
2022-12-15 17:10:40,381 actionMethod.py--> delete_data 20: INFO ----->执行删除操作，尝试重新添加
2022-12-15 17:10:52,400 actionMethod.py--> delete_data 20: INFO ----->执行删除操作，尝试重新添加
2022-12-15 17:26:22,334 collection_handle.py--> add_collection 20: INFO ----->找到文本:脚本测试新建采集源,采集源添加成功
2022-12-15 17:26:29,765 actionMethod.py--> click_cancel 20: INFO ----->表参数配置成功！
2022-12-15 17:26:31,054 actionMethod.py--> delete_data 20: INFO ----->执行删除操作，尝试重新添加
2022-12-15 17:26:43,878 collection_handle.py--> add_meter 20: INFO ----->找到文本:R9-999,表计添加成功
2022-12-15 17:26:48,987 energy_type_case.py--> setUpClass 20: INFO ----->------执行添加用能类型case------
2022-12-15 17:26:56,990 energy_type_handle.py--> add_energy 20: INFO ----->找到文本:其他风,能源类型添加成功
2022-12-15 17:27:01,639 production_case.py--> setUpClass 20: INFO ----->------执行添加生产层级case------
2022-12-15 17:27:11,584 production_handle.py--> add_level 20: INFO ----->找到文本:脚本测试新建工序,生产层级添加成功
2022-12-15 17:27:16,329 production_handle.py--> add_Unit 20: INFO ----->找到文本:脚本测试新建工序单元,生产工序单元添加成功
2022-12-15 17:27:21,464 yield_product_case.py--> setUpClass 20: INFO ----->------执行添加生产产品case------
2022-12-15 17:27:31,643 yield_product_handle.py--> add_yield 20: INFO ----->找到文本:脚本测试新建产品,生产产品添加成功
2022-12-15 17:27:36,449 energy_report_case.py--> setUpClass 20: INFO ----->------执行添加能效报告case------
2022-12-15 17:27:45,291 energy_report_handle.py--> add_report 20: INFO ----->找到文本:脚本测试新建报告,能效报告添加成功
2022-12-15 17:27:58,139 measuring_instruments_case.py--> setUpClass 20: INFO ----->------执行添加计量器具case------
2022-12-15 17:29:01,420 measuring_instruments_handle.py--> add_instruments 20: INFO ----->找到文本:脚本测试新建计量器具,计量器具添加成功
2022-12-15 17:29:31,169 collect_data_case.py--> setUpClass 20: INFO ----->------执行添加采集数据项case------
2022-12-15 17:30:18,117 actionMethod.py--> click_cancel 20: INFO ----->操作成功！
2022-12-15 17:30:18,640 collect_data_handle.py--> add_collect_data 20: INFO ----->找到文本:脚本测试新建采集数据项,采集项添加成功
2022-12-15 17:30:22,238 delete_case.py--> setUpClass 20: INFO ----->------删除所有脚本新增数据------
2022-12-15 17:31:09,120 delect_handle.py--> delete_collect_data 20: INFO ----->找到文本:脚本测试新建采集数据项,采集项添加成功
2022-12-15 17:31:34,113 actionMethod.py--> delete_data 20: INFO ----->执行删除操作，尝试重新添加
2022-12-15 17:31:51,244 actionMethod.py--> delete_data 20: INFO ----->执行删除操作，尝试重新添加
2022-12-15 17:31:55,041 actionMethod.py--> delete_data 20: INFO ----->执行删除操作，尝试重新添加
2022-12-15 17:32:02,028 actionMethod.py--> delete_data 20: INFO ----->执行删除操作，尝试重新添加
2022-12-15 17:32:14,032 actionMethod.py--> delete_data 20: INFO ----->执行删除操作，尝试重新添加
