2022-08-04 09:59:58,361 collection_handle.py--> add_collection 20: INFO ----->找到文本:脚本测试新建采集源,采集源添加成功
2022-08-04 10:00:04,323 actionMethod.py--> click_cancel 30: WARNING ----->参数：脚本测试新增表参数添加失败,已经存在相同名称的参数
2022-08-04 10:00:06,214 actionMethod.py--> delete_data 20: INFO ----->执行删除操作，尝试重新添加
2022-08-04 10:00:19,144 collection_handle.py--> add_meter 20: INFO ----->找到文本:R-1001,表计添加成功
2022-08-04 10:00:24,539 energy_type_case.py--> setUpClass 20: INFO ----->------执行添加用能类型case------
2022-08-04 10:00:32,683 energy_type_handle.py--> add_energy 20: INFO ----->找到文本:其他风,能源类型添加成功
2022-08-04 10:00:38,089 production_case.py--> setUpClass 20: INFO ----->------执行添加生产层级case------
2022-08-04 10:00:47,890 production_handle.py--> add_level 20: INFO ----->未找到文本:脚本测试新建工序,生产层级添加失败
2022-08-04 10:00:52,523 production_handle.py--> add_Unit 20: INFO ----->找到文本:脚本测试新建工序单元,生产工序单元添加成功
2022-08-04 10:00:58,267 yield_product_case.py--> setUpClass 20: INFO ----->------执行添加生产产品case------
2022-08-04 10:01:05,125 yield_product_handle.py--> add_yield 20: INFO ----->找到文本:脚本测试新建产品,生产产品添加成功
2022-08-04 10:01:10,423 energy_report_case.py--> setUpClass 20: INFO ----->------执行添加能效报告case------
2022-08-04 10:01:11,598 actionMethod.py--> delete_data 20: INFO ----->执行删除操作，尝试重新添加
2022-08-04 10:01:19,894 energy_report_handle.py--> add_report 20: INFO ----->未找到文本:脚本测试新建报告,能效报告添加失败
2022-08-04 10:01:36,206 measuring_instruments_case.py--> setUpClass 20: INFO ----->------执行添加计量器具case------
2022-08-04 10:02:35,502 measuring_instruments_handle.py--> add_instruments 20: INFO ----->找到文本:脚本测试新建计量器具,计量器具添加成功
2022-08-04 10:02:53,922 collect_data_case.py--> setUpClass 20: INFO ----->------执行添加采集数据项case------
2022-08-04 10:03:42,940 actionMethod.py--> click_cancel 30: WARNING ----->操作失败
2022-08-04 10:03:43,469 collect_data_handle.py--> add_collect_data 20: INFO ----->找到文本:脚本测试新建采集数据项,采集项添加成功
2022-08-04 10:03:47,257 delete_case.py--> setUpClass 20: INFO ----->------删除所有脚本新增数据------
2022-08-04 10:04:15,498 delect_handle.py--> delete_collect_data 20: INFO ----->未找到文本:脚本测试新建采集数据项,采集项添加失败
2022-08-04 10:04:36,604 actionMethod.py--> delete_data 20: INFO ----->执行删除操作，尝试重新添加
2022-08-04 10:04:55,745 actionMethod.py--> delete_data 20: INFO ----->执行删除操作，尝试重新添加
2022-08-04 10:05:01,943 actionMethod.py--> delete_data 20: INFO ----->执行删除操作，尝试重新添加
2022-08-04 10:05:09,049 actionMethod.py--> delete_data 20: INFO ----->执行删除操作，尝试重新添加
2022-08-04 10:05:17,945 actionMethod.py--> delete_data 20: INFO ----->执行删除操作，尝试重新添加
2022-08-04 10:05:50,043 actionMethod.py--> delete_data 20: INFO ----->执行删除操作，尝试重新添加
2022-08-04 10:06:02,021 actionMethod.py--> delete_data 20: INFO ----->执行删除操作，尝试重新添加
2022-08-04 10:06:09,196 collection_handle.py--> add_collection 20: INFO ----->找到文本:脚本测试新建采集源,采集源添加成功
2022-08-04 10:06:15,638 actionMethod.py--> click_cancel 30: WARNING ----->参数：脚本测试新增表参数添加失败,已经存在相同名称的参数
2022-08-04 10:06:17,501 actionMethod.py--> delete_data 20: INFO ----->执行删除操作，尝试重新添加
2022-08-04 10:06:30,270 collection_handle.py--> add_meter 20: INFO ----->找到文本:R-1001,表计添加成功
2022-08-04 10:06:35,420 energy_type_case.py--> setUpClass 20: INFO ----->------执行添加用能类型case------
2022-08-04 10:06:43,644 energy_type_handle.py--> add_energy 20: INFO ----->找到文本:其他风,能源类型添加成功
2022-08-04 10:06:49,059 production_case.py--> setUpClass 20: INFO ----->------执行添加生产层级case------
2022-08-04 10:06:59,231 production_handle.py--> add_level 20: INFO ----->未找到文本:脚本测试新建工序,生产层级添加失败
2022-08-04 10:07:04,212 production_handle.py--> add_Unit 20: INFO ----->找到文本:脚本测试新建工序单元,生产工序单元添加成功
2022-08-04 10:07:10,026 yield_product_case.py--> setUpClass 20: INFO ----->------执行添加生产产品case------
2022-08-04 10:07:17,933 yield_product_handle.py--> add_yield 20: INFO ----->找到文本:脚本测试新建产品,生产产品添加成功
2022-08-04 10:07:22,886 energy_report_case.py--> setUpClass 20: INFO ----->------执行添加能效报告case------
2022-08-04 10:07:31,716 energy_report_handle.py--> add_report 20: INFO ----->未找到文本:脚本测试新建报告,能效报告添加失败
2022-08-04 10:07:44,634 measuring_instruments_case.py--> setUpClass 20: INFO ----->------执行添加计量器具case------
2022-08-04 10:08:42,767 measuring_instruments_handle.py--> add_instruments 20: INFO ----->找到文本:脚本测试新建计量器具,计量器具添加成功
2022-08-04 10:08:52,628 collect_data_case.py--> setUpClass 20: INFO ----->------执行添加采集数据项case------
2022-08-04 10:09:44,039 actionMethod.py--> click_cancel 20: INFO ----->操作成功！
2022-08-04 10:09:44,561 collect_data_handle.py--> add_collect_data 20: INFO ----->找到文本:脚本测试新建采集数据项,采集项添加成功
2022-08-04 10:09:48,300 delete_case.py--> setUpClass 20: INFO ----->------删除所有脚本新增数据------
2022-08-04 10:10:15,869 delect_handle.py--> delete_collect_data 20: INFO ----->未找到文本:脚本测试新建采集数据项,采集项添加失败
2022-08-04 10:10:39,259 actionMethod.py--> delete_data 20: INFO ----->执行删除操作，尝试重新添加
2022-08-04 10:10:56,714 actionMethod.py--> delete_data 20: INFO ----->执行删除操作，尝试重新添加
2022-08-04 10:11:00,905 actionMethod.py--> delete_data 20: INFO ----->执行删除操作，尝试重新添加
2022-08-04 10:11:08,267 actionMethod.py--> delete_data 20: INFO ----->执行删除操作，尝试重新添加
2022-08-04 10:11:20,376 actionMethod.py--> delete_data 20: INFO ----->执行删除操作，尝试重新添加
