2022-09-01 16:34:58,956 collection_handle.py--> add_collection 20: INFO ----->找到文本:脚本测试新建采集源,采集源添加成功
2022-09-01 16:35:04,768 actionMethod.py--> click_cancel 30: WARNING ----->
2022-09-01 16:35:06,651 actionMethod.py--> delete_data 20: INFO ----->执行删除操作，尝试重新添加
2022-09-01 16:39:31,834 actionMethod.py--> delete_data 20: INFO ----->执行删除操作，尝试重新添加
2022-09-01 16:39:40,660 actionMethod.py--> delete_data 20: INFO ----->执行删除操作，尝试重新添加
2022-09-01 16:39:47,993 collection_handle.py--> add_collection 20: INFO ----->找到文本:脚本测试新建采集源,采集源添加成功
2022-09-01 16:39:49,470 actionMethod.py--> delete_data 20: INFO ----->执行删除操作，尝试重新添加
2022-09-01 16:40:25,136 actionMethod.py--> delete_data 20: INFO ----->执行删除操作，尝试重新添加
2022-09-01 16:40:33,956 actionMethod.py--> delete_data 20: INFO ----->执行删除操作，尝试重新添加
2022-09-01 16:40:41,210 collection_handle.py--> add_collection 20: INFO ----->找到文本:脚本测试新建采集源,采集源添加成功
2022-09-01 16:40:42,750 actionMethod.py--> delete_data 20: INFO ----->执行删除操作，尝试重新添加
2022-09-01 16:40:55,700 collection_handle.py--> add_meter 20: INFO ----->找到文本:R9-999,表计添加成功
2022-09-01 16:41:15,993 actionMethod.py--> delete_data 20: INFO ----->执行删除操作，尝试重新添加
2022-09-01 16:41:28,015 actionMethod.py--> delete_data 20: INFO ----->执行删除操作，尝试重新添加
2022-09-01 16:41:35,295 collection_handle.py--> add_collection 20: INFO ----->找到文本:脚本测试新建采集源,采集源添加成功
2022-09-01 16:41:40,920 actionMethod.py--> click_cancel 30: WARNING ----->参数校验未通过
2022-09-01 16:41:42,741 actionMethod.py--> delete_data 20: INFO ----->执行删除操作，尝试重新添加
2022-09-01 16:41:55,454 collection_handle.py--> add_meter 20: INFO ----->找到文本:R9-999,表计添加成功
2022-09-01 16:42:27,011 actionMethod.py--> delete_data 20: INFO ----->执行删除操作，尝试重新添加
2022-09-01 16:42:39,011 actionMethod.py--> delete_data 20: INFO ----->执行删除操作，尝试重新添加
2022-09-01 16:42:46,370 collection_handle.py--> add_collection 20: INFO ----->找到文本:脚本测试新建采集源,采集源添加成功
2022-09-01 16:42:51,994 actionMethod.py--> click_cancel 30: WARNING ----->
2022-09-01 16:42:53,810 actionMethod.py--> delete_data 20: INFO ----->执行删除操作，尝试重新添加
2022-09-01 16:43:06,655 collection_handle.py--> add_meter 20: INFO ----->找到文本:R9-999,表计添加成功
2022-09-01 16:43:11,548 energy_type_case.py--> setUpClass 20: INFO ----->------执行添加用能类型case------
2022-09-01 16:43:19,720 energy_type_handle.py--> add_energy 20: INFO ----->找到文本:其他风,能源类型添加成功
2022-09-01 16:43:24,845 production_case.py--> setUpClass 20: INFO ----->------执行添加生产层级case------
2022-09-01 16:43:34,505 production_handle.py--> add_level 20: INFO ----->未找到文本:脚本测试新建工序,生产层级添加失败
2022-09-01 16:43:39,199 production_handle.py--> add_Unit 20: INFO ----->找到文本:脚本测试新建工序单元,生产工序单元添加成功
2022-09-01 16:43:44,160 yield_product_case.py--> setUpClass 20: INFO ----->------执行添加生产产品case------
2022-09-01 16:43:52,884 yield_product_handle.py--> add_yield 20: INFO ----->未找到文本:脚本测试新建产品,生产产品添加失败
2022-09-01 16:43:58,020 energy_report_case.py--> setUpClass 20: INFO ----->------执行添加能效报告case------
2022-09-01 16:44:08,882 energy_report_handle.py--> add_report 20: INFO ----->未找到文本:脚本测试新建报告,能效报告添加失败
2022-09-01 16:44:21,789 measuring_instruments_case.py--> setUpClass 20: INFO ----->------执行添加计量器具case------
2022-09-01 16:44:45,190 collect_data_case.py--> setUpClass 20: INFO ----->------执行添加采集数据项case------
2022-09-01 16:45:40,457 actionMethod.py--> click_cancel 30: WARNING ----->操作失败
2022-09-01 16:45:43,026 collect_data_handle.py--> add_collect_data 20: INFO ----->未找到文本:脚本测试新建采集数据项,采集项添加失败
2022-09-01 16:45:46,417 delete_case.py--> setUpClass 20: INFO ----->------删除所有脚本新增数据------
2022-09-01 16:46:18,839 delect_handle.py--> delete_collect_data 20: INFO ----->未找到文本:脚本测试新建采集数据项,采集项添加失败
2022-09-01 16:46:48,014 actionMethod.py--> delete_data 20: INFO ----->执行删除操作，尝试重新添加
2022-09-01 16:46:53,794 actionMethod.py--> delete_data 20: INFO ----->执行删除操作，尝试重新添加
2022-09-01 16:47:00,577 actionMethod.py--> delete_data 20: INFO ----->执行删除操作，尝试重新添加
2022-09-01 16:47:12,577 actionMethod.py--> delete_data 20: INFO ----->执行删除操作，尝试重新添加
2022-09-01 17:01:49,632 collect_data_case.py--> setUpClass 20: INFO ----->------执行添加采集数据项case------
2022-09-01 17:02:43,942 actionMethod.py--> click_cancel 30: WARNING ----->操作失败
2022-09-01 17:02:46,478 collect_data_handle.py--> add_collect_data 20: INFO ----->未找到文本:脚本测试新建采集数据项,采集项添加失败
2022-09-01 17:03:17,128 collection_handle.py--> add_collection 20: INFO ----->找到文本:脚本测试新建采集源,采集源添加成功
2022-09-01 17:03:22,689 actionMethod.py--> click_cancel 30: WARNING ----->
2022-09-01 17:03:24,605 actionMethod.py--> delete_data 20: INFO ----->执行删除操作，尝试重新添加
2022-09-01 17:03:37,453 collection_handle.py--> add_meter 20: INFO ----->找到文本:R9-999,表计添加成功
2022-09-01 17:03:42,141 energy_type_case.py--> setUpClass 20: INFO ----->------执行添加用能类型case------
2022-09-01 17:03:50,115 energy_type_handle.py--> add_energy 20: INFO ----->找到文本:其他风,能源类型添加成功
2022-09-01 17:03:54,737 production_case.py--> setUpClass 20: INFO ----->------执行添加生产层级case------
2022-09-01 17:04:04,387 production_handle.py--> add_level 20: INFO ----->未找到文本:脚本测试新建工序,生产层级添加失败
2022-09-01 17:04:08,884 production_handle.py--> add_Unit 20: INFO ----->找到文本:脚本测试新建工序单元,生产工序单元添加成功
2022-09-01 17:04:13,436 yield_product_case.py--> setUpClass 20: INFO ----->------执行添加生产产品case------
2022-09-01 17:04:22,103 yield_product_handle.py--> add_yield 20: INFO ----->未找到文本:脚本测试新建产品,生产产品添加失败
2022-09-01 17:04:26,794 energy_report_case.py--> setUpClass 20: INFO ----->------执行添加能效报告case------
2022-09-01 17:04:37,707 energy_report_handle.py--> add_report 20: INFO ----->未找到文本:脚本测试新建报告,能效报告添加失败
2022-09-01 17:04:50,171 measuring_instruments_case.py--> setUpClass 20: INFO ----->------执行添加计量器具case------
2022-09-01 17:05:34,905 measuring_instruments_handle.py--> add_instruments 20: INFO ----->找到文本:脚本测试新建计量器具,计量器具添加成功
2022-09-01 17:05:45,601 collect_data_case.py--> setUpClass 20: INFO ----->------执行添加采集数据项case------
2022-09-01 17:06:40,708 actionMethod.py--> click_cancel 30: WARNING ----->操作失败
2022-09-01 17:06:43,288 collect_data_handle.py--> add_collect_data 20: INFO ----->未找到文本:脚本测试新建采集数据项,采集项添加失败
2022-09-01 17:06:46,796 delete_case.py--> setUpClass 20: INFO ----->------删除所有脚本新增数据------
2022-09-01 17:07:19,570 delect_handle.py--> delete_collect_data 20: INFO ----->未找到文本:脚本测试新建采集数据项,采集项添加失败
2022-09-01 17:07:50,710 actionMethod.py--> delete_data 20: INFO ----->执行删除操作，尝试重新添加
2022-09-01 17:07:56,510 actionMethod.py--> delete_data 20: INFO ----->执行删除操作，尝试重新添加
2022-09-01 17:08:03,412 actionMethod.py--> delete_data 20: INFO ----->执行删除操作，尝试重新添加
2022-09-01 17:08:15,452 actionMethod.py--> delete_data 20: INFO ----->执行删除操作，尝试重新添加
2022-09-01 17:14:27,986 yield_product_case.py--> setUpClass 20: INFO ----->------执行添加生产产品case------
2022-09-01 17:14:37,401 yield_product_handle.py--> add_yield 20: INFO ----->找到文本:脚本测试新建产品,生产产品添加成功
2022-09-01 17:15:10,355 collection_handle.py--> add_collection 20: INFO ----->找到文本:脚本测试新建采集源,采集源添加成功
2022-09-01 17:15:15,892 actionMethod.py--> click_cancel 30: WARNING ----->参数校验未通过
2022-09-01 17:15:17,784 actionMethod.py--> delete_data 20: INFO ----->执行删除操作，尝试重新添加
2022-09-01 17:15:30,678 collection_handle.py--> add_meter 20: INFO ----->找到文本:R9-999,表计添加成功
2022-09-01 17:15:35,431 energy_type_case.py--> setUpClass 20: INFO ----->------执行添加用能类型case------
2022-09-01 17:15:43,475 energy_type_handle.py--> add_energy 20: INFO ----->找到文本:其他风,能源类型添加成功
2022-09-01 17:15:48,661 production_case.py--> setUpClass 20: INFO ----->------执行添加生产层级case------
2022-09-01 17:15:58,329 production_handle.py--> add_level 20: INFO ----->未找到文本:脚本测试新建工序,生产层级添加失败
2022-09-01 17:16:02,774 production_handle.py--> add_Unit 20: INFO ----->找到文本:脚本测试新建工序单元,生产工序单元添加成功
2022-09-01 17:16:07,604 yield_product_case.py--> setUpClass 20: INFO ----->------执行添加生产产品case------
2022-09-01 17:16:08,769 actionMethod.py--> delete_data 20: INFO ----->执行删除操作，尝试重新添加
2022-09-01 17:16:17,631 yield_product_handle.py--> add_yield 20: INFO ----->找到文本:脚本测试新建产品,生产产品添加成功
2022-09-01 17:16:22,498 energy_report_case.py--> setUpClass 20: INFO ----->------执行添加能效报告case------
2022-09-01 17:16:33,362 energy_report_handle.py--> add_report 20: INFO ----->未找到文本:脚本测试新建报告,能效报告添加失败
2022-09-01 17:16:46,032 measuring_instruments_case.py--> setUpClass 20: INFO ----->------执行添加计量器具case------
2022-09-01 17:17:30,542 measuring_instruments_handle.py--> add_instruments 20: INFO ----->找到文本:脚本测试新建计量器具,计量器具添加成功
2022-09-01 17:17:41,588 collect_data_case.py--> setUpClass 20: INFO ----->------执行添加采集数据项case------
2022-09-01 17:18:36,560 actionMethod.py--> click_cancel 30: WARNING ----->操作失败
2022-09-01 17:18:39,122 collect_data_handle.py--> add_collect_data 20: INFO ----->未找到文本:脚本测试新建采集数据项,采集项添加失败
2022-09-01 17:18:42,910 delete_case.py--> setUpClass 20: INFO ----->------删除所有脚本新增数据------
2022-09-01 17:19:16,915 delect_handle.py--> delete_collect_data 20: INFO ----->未找到文本:脚本测试新建采集数据项,采集项添加失败
2022-09-01 17:19:30,750 actionMethod.py--> delete_data 20: INFO ----->执行删除操作，尝试重新添加
2022-09-01 17:19:48,588 actionMethod.py--> delete_data 20: INFO ----->执行删除操作，尝试重新添加
2022-09-01 17:19:54,655 actionMethod.py--> delete_data 20: INFO ----->执行删除操作，尝试重新添加
2022-09-01 17:20:01,561 actionMethod.py--> delete_data 20: INFO ----->执行删除操作，尝试重新添加
2022-09-01 17:20:13,627 actionMethod.py--> delete_data 20: INFO ----->执行删除操作，尝试重新添加
2022-09-01 17:24:32,502 production_case.py--> setUpClass 20: INFO ----->------执行添加生产层级case------
2022-09-01 17:24:42,166 production_handle.py--> add_level 20: INFO ----->未找到文本:脚本测试新建工序,生产层级添加失败
2022-09-01 17:24:46,593 production_handle.py--> add_Unit 20: INFO ----->找到文本:脚本测试新建工序单元,生产工序单元添加成功
2022-09-01 17:42:00,321 collect_data_case.py--> setUpClass 20: INFO ----->------执行添加采集数据项case------
2022-09-01 17:43:13,730 collect_data_case.py--> setUpClass 20: INFO ----->------执行添加采集数据项case------
2022-09-01 17:44:37,748 collect_data_case.py--> setUpClass 20: INFO ----->------执行添加采集数据项case------
2022-09-01 17:45:33,912 actionMethod.py--> click_cancel 30: WARNING ----->操作失败
2022-09-01 17:45:36,505 collect_data_handle.py--> add_collect_data 20: INFO ----->未找到文本:脚本测试新建采集数据项,采集项添加失败
2022-09-01 17:48:34,433 collect_data_case.py--> setUpClass 20: INFO ----->------执行添加采集数据项case------
2022-09-01 17:49:30,479 actionMethod.py--> click_cancel 30: WARNING ----->操作失败
2022-09-01 17:49:32,988 collect_data_handle.py--> add_collect_data 20: INFO ----->未找到文本:脚本测试新建采集数据项,采集项添加失败
