2022-08-03 16:04:37,801 energy_type_case.py--> setUpClass 20: INFO ----->------执行添加用能类型case------
2022-08-03 16:04:46,178 energy_type_handle.py--> add_energy 20: INFO ----->找到文本:其他风,能源类型添加成功
2022-08-03 16:04:51,542 production_case.py--> setUpClass 20: INFO ----->------执行添加生产层级case------
2022-08-03 16:05:01,446 production_handle.py--> add_level 20: INFO ----->未找到文本:脚本测试新建工序,生产层级添加失败
2022-08-03 16:05:06,077 production_handle.py--> add_Unit 20: INFO ----->找到文本:脚本测试新建工序单元,生产工序单元添加成功
2022-08-03 16:05:11,056 energy_report_case.py--> setUpClass 20: INFO ----->------执行添加能效报告case------
2022-08-03 16:06:12,194 collection_handle.py--> add_collection 20: INFO ----->找到文本:脚本测试新建采集源,采集源添加成功
2022-08-03 16:06:18,208 actionMethod.py--> click_cancel 30: WARNING ----->参数：脚本测试新增表参数添加失败,已经存在相同名称的参数
2022-08-03 16:06:20,134 actionMethod.py--> delete_data 20: INFO ----->执行删除操作，尝试重新添加
2022-08-03 16:06:33,075 collection_handle.py--> add_meter 20: INFO ----->找到文本:R-1001,表计添加成功
2022-08-03 16:06:38,377 energy_type_case.py--> setUpClass 20: INFO ----->------执行添加用能类型case------
2022-08-03 16:06:39,560 actionMethod.py--> delete_data 20: INFO ----->执行删除操作，尝试重新添加
2022-08-03 16:06:44,854 energy_type_handle.py--> add_energy 20: INFO ----->找到文本:其他风,能源类型添加成功
2022-08-03 16:06:50,462 production_case.py--> setUpClass 20: INFO ----->------执行添加生产层级case------
2022-08-03 16:07:04,843 energy_report_case.py--> setUpClass 20: INFO ----->------执行添加能效报告case------
2022-08-03 16:07:13,703 energy_report_handle.py--> add_report 20: INFO ----->未找到文本:脚本测试新建报告,能效报告添加失败
2022-08-03 16:07:26,831 measuring_instruments_case.py--> setUpClass 20: INFO ----->------执行添加计量器具case------
2022-08-03 16:08:23,073 measuring_instruments_handle.py--> add_instruments 20: INFO ----->找到文本:脚本测试新建计量器具,计量器具添加成功
2022-08-03 16:08:28,414 yield_product_case.py--> setUpClass 20: INFO ----->------执行添加生产产品case------
2022-08-03 16:08:35,277 yield_product_handle.py--> add_yield 20: INFO ----->找到文本:脚本测试新建产品,生产产品添加成功
2022-08-03 16:08:44,563 collect_data_case.py--> setUpClass 20: INFO ----->------执行添加采集数据项case------
2022-08-03 16:09:48,528 actionMethod.py--> click_cancel 30: WARNING ----->操作失败
2022-08-03 16:09:51,064 collect_data_handle.py--> add_collect_data 20: INFO ----->未找到文本:脚本测试新建采集数据项,采集项添加失败
2022-08-03 16:09:55,085 delete_case.py--> setUpClass 20: INFO ----->------删除所有脚本新增数据------
2022-08-03 16:10:34,130 delect_handle.py--> delete_collect_data 20: INFO ----->未找到文本:脚本测试新建采集数据项,采集项添加失败
2022-08-03 16:11:01,767 actionMethod.py--> delete_data 20: INFO ----->执行删除操作，尝试重新添加
2022-08-03 16:11:15,948 actionMethod.py--> delete_data 20: INFO ----->执行删除操作，尝试重新添加
2022-08-03 16:11:22,329 actionMethod.py--> delete_data 20: INFO ----->执行删除操作，尝试重新添加
2022-08-03 16:11:29,320 actionMethod.py--> delete_data 20: INFO ----->执行删除操作，尝试重新添加
2022-08-03 16:11:41,361 actionMethod.py--> delete_data 20: INFO ----->执行删除操作，尝试重新添加
2022-08-03 17:02:59,179 yield_product_case.py--> setUpClass 20: INFO ----->------执行添加生产产品case------
2022-08-03 17:03:06,874 yield_product_handle.py--> add_yield 20: INFO ----->找到文本:脚本测试新建产品,生产产品添加成功
2022-08-03 17:05:33,015 yield_product_case.py--> setUpClass 20: INFO ----->------执行添加生产产品case------
2022-08-03 17:05:34,222 actionMethod.py--> delete_data 20: INFO ----->执行删除操作，尝试重新添加
2022-08-03 17:05:38,521 yield_product_handle.py--> add_yield 20: INFO ----->找到文本:脚本测试新建产品,生产产品添加成功
2022-08-03 17:07:16,746 yield_product_case.py--> setUpClass 20: INFO ----->------执行添加生产产品case------
2022-08-03 17:07:17,933 actionMethod.py--> delete_data 20: INFO ----->执行删除操作，尝试重新添加
2022-08-03 17:07:21,966 yield_product_handle.py--> add_yield 20: INFO ----->找到文本:脚本测试新建产品,生产产品添加成功
2022-08-03 17:16:20,156 yield_product_case.py--> setUpClass 20: INFO ----->------执行添加生产产品case------
2022-08-03 17:16:21,335 actionMethod.py--> delete_data 20: INFO ----->执行删除操作，尝试重新添加
2022-08-03 17:16:25,384 yield_product_handle.py--> add_yield 20: INFO ----->找到文本:脚本测试新建产品,生产产品添加成功
2022-08-03 17:17:25,254 yield_product_case.py--> setUpClass 20: INFO ----->------执行添加生产产品case------
2022-08-03 17:17:26,441 actionMethod.py--> delete_data 20: INFO ----->执行删除操作，尝试重新添加
2022-08-03 17:17:32,856 yield_product_handle.py--> add_yield 20: INFO ----->找到文本:脚本测试新建产品,生产产品添加成功
2022-08-03 17:40:46,734 yield_product_case.py--> setUpClass 20: INFO ----->------执行添加生产产品case------
2022-08-03 17:40:47,918 actionMethod.py--> delete_data 20: INFO ----->执行删除操作，尝试重新添加
2022-08-03 17:40:52,169 yield_product_handle.py--> add_yield 20: INFO ----->找到文本:脚本测试新建产品,生产产品添加成功
2022-08-03 17:42:00,160 yield_product_case.py--> setUpClass 20: INFO ----->------执行添加生产产品case------
2022-08-03 17:42:01,344 actionMethod.py--> delete_data 20: INFO ----->执行删除操作，尝试重新添加
2022-08-03 17:42:07,878 yield_product_handle.py--> add_yield 20: INFO ----->找到文本:脚本测试新建产品,生产产品添加成功
2022-08-03 17:45:06,153 yield_product_case.py--> setUpClass 20: INFO ----->------执行添加生产产品case------
2022-08-03 17:45:07,339 actionMethod.py--> delete_data 20: INFO ----->执行删除操作，尝试重新添加
2022-08-03 17:45:11,425 yield_product_handle.py--> add_yield 20: INFO ----->找到文本:脚本测试新建产品,生产产品添加成功
2022-08-03 17:46:54,807 collection_handle.py--> add_collection 20: INFO ----->找到文本:脚本测试新建采集源,采集源添加成功
2022-08-03 17:47:00,827 actionMethod.py--> click_cancel 30: WARNING ----->参数：脚本测试新增表参数添加失败,已经存在相同名称的参数
2022-08-03 17:47:02,783 actionMethod.py--> delete_data 20: INFO ----->执行删除操作，尝试重新添加
2022-08-03 17:47:15,817 collection_handle.py--> add_meter 20: INFO ----->找到文本:R-1001,表计添加成功
2022-08-03 17:47:21,516 energy_type_case.py--> setUpClass 20: INFO ----->------执行添加用能类型case------
2022-08-03 17:47:29,725 energy_type_handle.py--> add_energy 20: INFO ----->找到文本:其他风,能源类型添加成功
2022-08-03 17:47:35,027 production_case.py--> setUpClass 20: INFO ----->------执行添加生产层级case------
2022-08-03 17:47:44,879 production_handle.py--> add_level 20: INFO ----->未找到文本:脚本测试新建工序,生产层级添加失败
2022-08-03 17:47:49,580 production_handle.py--> add_Unit 20: INFO ----->找到文本:脚本测试新建工序单元,生产工序单元添加成功
2022-08-03 17:47:54,804 yield_product_case.py--> setUpClass 20: INFO ----->------执行添加生产产品case------
2022-08-03 17:48:02,142 yield_product_handle.py--> add_yield 20: INFO ----->找到文本:脚本测试新建产品,生产产品添加成功
2022-08-03 17:48:07,668 energy_report_case.py--> setUpClass 20: INFO ----->------执行添加能效报告case------
2022-08-03 17:48:16,522 energy_report_handle.py--> add_report 20: INFO ----->未找到文本:脚本测试新建报告,能效报告添加失败
2022-08-03 17:48:29,563 measuring_instruments_case.py--> setUpClass 20: INFO ----->------执行添加计量器具case------
2022-08-03 17:49:28,108 measuring_instruments_handle.py--> add_instruments 20: INFO ----->找到文本:脚本测试新建计量器具,计量器具添加成功
2022-08-03 17:49:37,761 collect_data_case.py--> setUpClass 20: INFO ----->------执行添加采集数据项case------
2022-08-03 17:50:37,997 actionMethod.py--> click_cancel 20: INFO ----->操作成功！
2022-08-03 17:50:38,521 collect_data_handle.py--> add_collect_data 20: INFO ----->找到文本:脚本测试新建采集数据项,采集项添加成功
2022-08-03 17:50:42,194 delete_case.py--> setUpClass 20: INFO ----->------删除所有脚本新增数据------
2022-08-03 17:51:10,227 delect_handle.py--> delete_collect_data 20: INFO ----->未找到文本:脚本测试新建采集数据项,采集项添加失败
2022-08-03 17:51:31,599 actionMethod.py--> delete_data 20: INFO ----->执行删除操作，尝试重新添加
2022-08-03 17:51:46,773 actionMethod.py--> delete_data 20: INFO ----->执行删除操作，尝试重新添加
2022-08-03 17:51:50,711 actionMethod.py--> delete_data 20: INFO ----->执行删除操作，尝试重新添加
2022-08-03 17:51:57,740 actionMethod.py--> delete_data 20: INFO ----->执行删除操作，尝试重新添加
2022-08-03 17:52:09,772 actionMethod.py--> delete_data 20: INFO ----->执行删除操作，尝试重新添加
2022-08-03 17:56:37,695 collection_handle.py--> add_collection 20: INFO ----->找到文本:脚本测试新建采集源,采集源添加成功
2022-08-03 17:56:43,763 actionMethod.py--> click_cancel 30: WARNING ----->参数：脚本测试新增表参数添加失败,已经存在相同名称的参数
2022-08-03 17:56:45,688 actionMethod.py--> delete_data 20: INFO ----->执行删除操作，尝试重新添加
2022-08-03 17:56:59,436 collection_handle.py--> add_meter 20: INFO ----->找到文本:R-1001,表计添加成功
2022-08-03 17:57:05,165 energy_type_case.py--> setUpClass 20: INFO ----->------执行添加用能类型case------
2022-08-03 17:57:13,869 energy_type_handle.py--> add_energy 20: INFO ----->找到文本:其他风,能源类型添加成功
2022-08-03 17:57:19,316 production_case.py--> setUpClass 20: INFO ----->------执行添加生产层级case------
2022-08-03 17:57:32,878 production_handle.py--> add_level 20: INFO ----->未找到文本:脚本测试新建工序,生产层级添加失败
2022-08-03 17:57:37,595 production_handle.py--> add_Unit 20: INFO ----->找到文本:脚本测试新建工序单元,生产工序单元添加成功
2022-08-03 17:57:42,906 yield_product_case.py--> setUpClass 20: INFO ----->------执行添加生产产品case------
2022-08-03 17:57:49,751 yield_product_handle.py--> add_yield 20: INFO ----->找到文本:脚本测试新建产品,生产产品添加成功
2022-08-03 17:57:55,192 energy_report_case.py--> setUpClass 20: INFO ----->------执行添加能效报告case------
2022-08-03 17:58:04,030 energy_report_handle.py--> add_report 20: INFO ----->未找到文本:脚本测试新建报告,能效报告添加失败
2022-08-03 17:58:21,076 measuring_instruments_case.py--> setUpClass 20: INFO ----->------执行添加计量器具case------
2022-08-03 17:59:15,974 measuring_instruments_handle.py--> add_instruments 20: INFO ----->找到文本:脚本测试新建计量器具,计量器具添加成功
2022-08-03 17:59:25,234 collect_data_case.py--> setUpClass 20: INFO ----->------执行添加采集数据项case------
2022-08-03 18:00:11,007 actionMethod.py--> click_cancel 20: INFO ----->操作成功！
2022-08-03 18:00:13,603 collect_data_handle.py--> add_collect_data 20: INFO ----->未找到文本:脚本测试新建采集数据项,采集项添加失败
2022-08-03 18:00:17,476 delete_case.py--> setUpClass 20: INFO ----->------删除所有脚本新增数据------
2022-08-03 18:00:44,666 delect_handle.py--> delete_collect_data 20: INFO ----->未找到文本:脚本测试新建采集数据项,采集项添加失败
2022-08-03 18:01:06,266 actionMethod.py--> delete_data 20: INFO ----->执行删除操作，尝试重新添加
2022-08-03 18:01:20,595 actionMethod.py--> delete_data 20: INFO ----->执行删除操作，尝试重新添加
2022-08-03 18:01:24,618 actionMethod.py--> delete_data 20: INFO ----->执行删除操作，尝试重新添加
2022-08-03 18:01:31,442 actionMethod.py--> delete_data 20: INFO ----->执行删除操作，尝试重新添加
2022-08-03 18:01:43,456 actionMethod.py--> delete_data 20: INFO ----->执行删除操作，尝试重新添加
2022-08-03 18:07:17,810 delete_case.py--> setUpClass 20: INFO ----->------删除所有脚本新增数据------
2022-08-03 18:07:56,877 delect_handle.py--> delete_collect_data 20: INFO ----->未找到文本:脚本测试新建采集数据项,采集项添加失败
2022-08-03 18:13:40,986 delete_case.py--> setUpClass 20: INFO ----->------删除所有脚本新增数据------
2022-08-03 18:15:20,797 delete_case.py--> setUpClass 20: INFO ----->------删除所有脚本新增数据------
2022-08-03 18:17:20,254 delete_case.py--> setUpClass 20: INFO ----->------删除所有脚本新增数据------
2022-08-03 18:18:55,041 collection_handle.py--> add_collection 20: INFO ----->找到文本:脚本测试新建采集源,采集源添加成功
2022-08-03 18:19:01,176 actionMethod.py--> click_cancel 30: WARNING ----->参数：脚本测试新增表参数添加失败,已经存在相同名称的参数
2022-08-03 18:19:03,095 actionMethod.py--> delete_data 20: INFO ----->执行删除操作，尝试重新添加
2022-08-03 18:19:15,951 collection_handle.py--> add_meter 20: INFO ----->找到文本:R-1001,表计添加成功
2022-08-03 18:19:21,355 energy_type_case.py--> setUpClass 20: INFO ----->------执行添加用能类型case------
2022-08-03 18:19:29,611 energy_type_handle.py--> add_energy 20: INFO ----->找到文本:其他风,能源类型添加成功
2022-08-03 18:19:35,147 production_case.py--> setUpClass 20: INFO ----->------执行添加生产层级case------
2022-08-03 18:19:44,908 production_handle.py--> add_level 20: INFO ----->未找到文本:脚本测试新建工序,生产层级添加失败
2022-08-03 18:19:49,587 production_handle.py--> add_Unit 20: INFO ----->找到文本:脚本测试新建工序单元,生产工序单元添加成功
2022-08-03 18:19:55,048 yield_product_case.py--> setUpClass 20: INFO ----->------执行添加生产产品case------
2022-08-03 18:20:01,860 yield_product_handle.py--> add_yield 20: INFO ----->找到文本:脚本测试新建产品,生产产品添加成功
2022-08-03 18:20:07,376 energy_report_case.py--> setUpClass 20: INFO ----->------执行添加能效报告case------
2022-08-03 18:20:18,142 energy_report_handle.py--> add_report 20: INFO ----->未找到文本:脚本测试新建报告,能效报告添加失败
2022-08-03 18:20:40,971 measuring_instruments_case.py--> setUpClass 20: INFO ----->------执行添加计量器具case------
2022-08-03 18:21:34,977 measuring_instruments_handle.py--> add_instruments 20: INFO ----->找到文本:脚本测试新建计量器具,计量器具添加成功
2022-08-03 18:21:44,271 collect_data_case.py--> setUpClass 20: INFO ----->------执行添加采集数据项case------
2022-08-03 18:22:36,864 actionMethod.py--> click_cancel 20: INFO ----->操作成功！
2022-08-03 18:22:37,391 collect_data_handle.py--> add_collect_data 20: INFO ----->找到文本:脚本测试新建采集数据项,采集项添加成功
2022-08-03 18:22:40,963 delete_case.py--> setUpClass 20: INFO ----->------删除所有脚本新增数据------
2022-08-03 18:23:08,655 delect_handle.py--> delete_collect_data 20: INFO ----->未找到文本:脚本测试新建采集数据项,采集项添加失败
2022-08-03 18:23:31,637 actionMethod.py--> delete_data 20: INFO ----->执行删除操作，尝试重新添加
2022-08-03 18:23:49,965 actionMethod.py--> delete_data 20: INFO ----->执行删除操作，尝试重新添加
2022-08-03 18:23:54,078 actionMethod.py--> delete_data 20: INFO ----->执行删除操作，尝试重新添加
2022-08-03 18:24:01,188 actionMethod.py--> delete_data 20: INFO ----->执行删除操作，尝试重新添加
2022-08-03 18:24:13,240 actionMethod.py--> delete_data 20: INFO ----->执行删除操作，尝试重新添加
2022-08-03 18:26:57,625 energy_report_case.py--> setUpClass 20: INFO ----->------执行添加能效报告case------
2022-08-03 18:27:06,491 energy_report_handle.py--> add_report 20: INFO ----->未找到文本:脚本测试新建报告,能效报告添加失败
