2022-12-07 15:54:17,274 energy_report_case.py--> setUpClass 20: INFO ----->------执行添加能效报告case------
2022-12-07 16:02:00,453 energy_report_case.py--> setUpClass 20: INFO ----->------执行添加能效报告case------
2022-12-07 16:03:40,217 energy_report_case.py--> setUpClass 20: INFO ----->------执行添加能效报告case------
2022-12-07 16:06:14,286 energy_report_case.py--> setUpClass 20: INFO ----->------执行添加能效报告case------
2022-12-07 16:06:23,121 energy_report_handle.py--> add_report 20: INFO ----->找到文本:脚本测试新建报告,能效报告添加成功
2022-12-07 16:08:13,042 energy_report_case.py--> setUpClass 20: INFO ----->------执行添加能效报告case------
2022-12-07 16:08:14,177 actionMethod.py--> delete_data 20: INFO ----->执行删除操作，尝试重新添加
2022-12-07 16:08:22,529 energy_report_handle.py--> add_report 20: INFO ----->找到文本:脚本测试新建报告,能效报告添加成功
2022-12-07 16:14:57,160 collection_handle.py--> add_collection 20: INFO ----->找到文本:脚本测试新建采集源,采集源添加成功
2022-12-07 16:15:11,184 energy_type_case.py--> setUpClass 20: INFO ----->------执行添加用能类型case------
2022-12-07 16:15:19,774 energy_type_handle.py--> add_energy 20: INFO ----->找到文本:其他风,能源类型添加成功
2022-12-07 16:15:25,143 production_case.py--> setUpClass 20: INFO ----->------执行添加生产层级case------
2022-12-07 16:15:35,129 production_handle.py--> add_level 20: INFO ----->找到文本:脚本测试新建工序,生产层级添加成功
2022-12-07 16:15:39,860 production_handle.py--> add_Unit 20: INFO ----->找到文本:脚本测试新建工序单元,生产工序单元添加成功
2022-12-07 16:15:44,971 yield_product_case.py--> setUpClass 20: INFO ----->------执行添加生产产品case------
2022-12-07 16:15:46,233 actionMethod.py--> delete_data 20: INFO ----->执行删除操作，尝试重新添加
2022-12-07 16:15:53,467 yield_product_handle.py--> add_yield 20: INFO ----->找到文本:脚本测试新建产品,生产产品添加成功
2022-12-07 16:15:58,393 energy_report_case.py--> setUpClass 20: INFO ----->------执行添加能效报告case------
2022-12-07 16:15:59,532 actionMethod.py--> delete_data 20: INFO ----->执行删除操作，尝试重新添加
2022-12-07 16:16:07,821 energy_report_handle.py--> add_report 20: INFO ----->找到文本:脚本测试新建报告,能效报告添加成功
2022-12-07 16:16:25,466 measuring_instruments_case.py--> setUpClass 20: INFO ----->------执行添加计量器具case------
2022-12-07 16:17:12,923 collect_data_case.py--> setUpClass 20: INFO ----->------执行添加采集数据项case------
2022-12-07 16:17:57,899 actionMethod.py--> click_cancel 20: INFO ----->操作成功！
2022-12-07 16:17:58,420 collect_data_handle.py--> add_collect_data 20: INFO ----->找到文本:脚本测试新建采集数据项,采集项添加成功
2022-12-07 16:18:01,655 delete_case.py--> setUpClass 20: INFO ----->------删除所有脚本新增数据------
2022-12-07 16:18:44,121 delect_handle.py--> delete_collect_data 20: INFO ----->找到文本:脚本测试新建采集数据项,采集项添加成功
2022-12-07 16:19:04,986 actionMethod.py--> delete_data 20: INFO ----->执行删除操作，尝试重新添加
2022-12-07 16:19:22,228 actionMethod.py--> delete_data 20: INFO ----->执行删除操作，尝试重新添加
2022-12-07 16:19:26,281 actionMethod.py--> delete_data 20: INFO ----->执行删除操作，尝试重新添加
2022-12-07 16:19:33,125 actionMethod.py--> delete_data 20: INFO ----->执行删除操作，尝试重新添加
2022-12-07 16:19:42,132 actionMethod.py--> delete_data 20: INFO ----->执行删除操作，尝试重新添加
2022-12-07 17:50:01,617 collection_handle.py--> add_collection 20: INFO ----->找到文本:脚本测试新建采集源,采集源添加成功
2022-12-07 17:51:02,932 actionMethod.py--> delete_data 20: INFO ----->执行删除操作，尝试重新添加
2022-12-07 17:51:11,801 actionMethod.py--> delete_data 20: INFO ----->执行删除操作，尝试重新添加
2022-12-07 17:51:19,006 collection_handle.py--> add_collection 20: INFO ----->找到文本:脚本测试新建采集源,采集源添加成功
2022-12-07 17:53:56,786 actionMethod.py--> delete_data 20: INFO ----->执行删除操作，尝试重新添加
2022-12-07 17:54:05,623 actionMethod.py--> delete_data 20: INFO ----->执行删除操作，尝试重新添加
2022-12-07 17:54:12,923 collection_handle.py--> add_collection 20: INFO ----->找到文本:脚本测试新建采集源,采集源添加成功
2022-12-07 17:55:56,839 actionMethod.py--> delete_data 20: INFO ----->执行删除操作，尝试重新添加
2022-12-07 17:56:05,656 actionMethod.py--> delete_data 20: INFO ----->执行删除操作，尝试重新添加
2022-12-07 17:56:12,844 collection_handle.py--> add_collection 20: INFO ----->找到文本:脚本测试新建采集源,采集源添加成功
